Using pre-set license
Built from '2020.3/staging' branch; Version is '2020.3.5f1 (8095aa901b9b) revision 8426922'; Using compiler version '192528614'; Build Type 'Release'
OS: 'Windows 10 Education; OS build 19044.1288; Version 2009; 64bit' Language: 'en' Physical Memory: 32632 MB
BatchMode: 1, IsHumanControllingUs: 0, StartBugReporterOnCrash: 0, Is64bit: 1, IsPro: 0

 COMMAND LINE ARGUMENTS:
C:\Program Files\Unity\Hub\Editor\2020.3.5f1\Editor\Unity.exe
-adb2
-batchMode
-noUpm
-name
AssetImportWorker0
-projectPath
C:/Users/s171627/Desktop/Git/kylethis-one-/AIE2022/Physics2022
-logFile
Logs/AssetImportWorker0.log
-srvPort
53863
Successfully changed project path to: C:/Users/s171627/Desktop/Git/kylethis-one-/AIE2022/Physics2022
C:/Users/s171627/Desktop/Git/kylethis-one-/AIE2022/Physics2022
Using Asset Import Pipeline V2.
Refreshing native plugins compatible for Editor in 56.42 ms, found 2 plugins.
Preloading 0 native plugins for Editor in 0.00 ms.
Initialize engine version: 2020.3.5f1 (8095aa901b9b)
[Subsystems] Discovering subsystems at path C:/Program Files/Unity/Hub/Editor/2020.3.5f1/Editor/Data/Resources/UnitySubsystems
[Subsystems] Discovering subsystems at path C:/Users/s171627/Desktop/Git/kylethis-one-/AIE2022/Physics2022/Assets
GfxDevice: creating device client; threaded=0
Direct3D:
    Version:  Direct3D 11.0 [level 11.1]
    Renderer: NVIDIA GeForce GTX 960 (ID=0x1401)
    Vendor:   
    VRAM:     4053 MB
    Driver:   30.0.14.9676
Shader 'WFX/Transparent Specular': fallback shader 'Particles/Alpha Blended' not found
Shader 'WFX/Transparent Diffuse': fallback shader 'Particles/Alpha Blended' not found
Initialize mono
Mono path[0] = 'C:/Program Files/Unity/Hub/Editor/2020.3.5f1/Editor/Data/Managed'
Mono path[1] = 'C:/Program Files/Unity/Hub/Editor/2020.3.5f1/Editor/Data/MonoBleedingEdge/lib/mono/unityjit'
Mono config path = 'C:/Program Files/Unity/Hub/Editor/2020.3.5f1/Editor/Data/MonoBleedingEdge/etc'
Using monoOptions --debugger-agent=transport=dt_socket,embedding=1,server=y,suspend=n,address=127.0.0.1:56980
Begin MonoManager ReloadAssembly
Registering precompiled unity dll's ...
Register platform support module: C:/Program Files/Unity/Hub/Editor/2020.3.5f1/Editor/Data/PlaybackEngines/WebGLSupport/UnityEditor.WebGL.Extensions.dll
Register platform support module: C:/Program Files/Unity/Hub/Editor/2020.3.5f1/Editor/Data/PlaybackEngines/WindowsStandaloneSupport/UnityEditor.WindowsStandalone.Extensions.dll
Registered in 0.003011 seconds.
Native extension for WindowsStandalone target not found
Native extension for WebGL target not found
Refreshing native plugins compatible for Editor in 46.03 ms, found 2 plugins.
Preloading 0 native plugins for Editor in 0.00 ms.
Mono: successfully reloaded assembly
- Completed reload, in  2.807 seconds
Platform modules already initialized, skipping
Registering precompiled user dll's ...
Registered in 0.007736 seconds.
Begin MonoManager ReloadAssembly
Native extension for WindowsStandalone target not found
Native extension for WebGL target not found
Refreshing native plugins compatible for Editor in 0.47 ms, found 2 plugins.
Preloading 0 native plugins for Editor in 0.00 ms.
Mono: successfully reloaded assembly
- Completed reload, in  1.437 seconds
Platform modules already initialized, skipping
========================================================================
Worker process is ready to serve import requests
Shader 'WFX/Transparent Diffuse': fallback shader 'Particles/Alpha Blended' not found
Shader 'WFX/Transparent Specular': fallback shader 'Particles/Alpha Blended' not found
Launched and connected shader compiler UnityShaderCompiler.exe after 0.04 seconds
Refreshing native plugins compatible for Editor in 0.94 ms, found 2 plugins.
Preloading 0 native plugins for Editor in 0.00 ms.
Unloading 1687 Unused Serialized files (Serialized files now loaded: 0)
System memory in use before: 97.3 MB.
System memory in use after: 97.4 MB.

Unloading 23 unused Assets to reduce memory usage. Loaded Objects now: 2150.
Total: 3.829600 ms (FindLiveObjects: 0.352200 ms CreateObjectMapping: 0.184900 ms MarkObjects: 3.143000 ms  DeleteObjects: 0.148000 ms)

========================================================================
Received Import Request.
  path: Assets/Scripts/MouseLook.cs
  artifactKey: Guid(625f1af94ff998643a6df3aa62ecdfe8) Importer(815301076,1909f56bfc062723c751e8b465ee728b)
Start importing Assets/Scripts/MouseLook.cs using Guid(625f1af94ff998643a6df3aa62ecdfe8) Importer(815301076,1909f56bfc062723c751e8b465ee728b)  -> (artifact id: '73c65589a2ef05b409f10ebb1cc055e6') in 0.038490 seconds
  Import took 0.047537 seconds .

========================================================================
Received Prepare
Registering precompiled user dll's ...
Registered in 0.009669 seconds.
Begin MonoManager ReloadAssembly
Native extension for WindowsStandalone target not found
Native extension for WebGL target not found
Refreshing native plugins compatible for Editor in 0.53 ms, found 2 plugins.
Preloading 0 native plugins for Editor in 0.00 ms.
Mono: successfully reloaded assembly
- Completed reload, in  1.088 seconds
Platform modules already initialized, skipping
Shader 'WFX/Transparent Diffuse': fallback shader 'Particles/Alpha Blended' not found
Shader 'WFX/Transparent Specular': fallback shader 'Particles/Alpha Blended' not found
Refreshing native plugins compatible for Editor in 0.80 ms, found 2 plugins.
Preloading 0 native plugins for Editor in 0.00 ms.
Unloading 1629 Unused Serialized files (Serialized files now loaded: 0)
System memory in use before: 92.1 MB.
System memory in use after: 92.1 MB.

Unloading 14 unused Assets to reduce memory usage. Loaded Objects now: 2153.
Total: 3.650900 ms (FindLiveObjects: 0.398600 ms CreateObjectMapping: 0.179700 ms MarkObjects: 2.990600 ms  DeleteObjects: 0.079600 ms)

========================================================================
Received Prepare
Registering precompiled user dll's ...
Registered in 0.004088 seconds.
Begin MonoManager ReloadAssembly
Native extension for WindowsStandalone target not found
Native extension for WebGL target not found
Refreshing native plugins compatible for Editor in 0.79 ms, found 2 plugins.
Preloading 0 native plugins for Editor in 0.00 ms.
Mono: successfully reloaded assembly
- Completed reload, in  1.106 seconds
Platform modules already initialized, skipping
Shader 'WFX/Transparent Diffuse': fallback shader 'Particles/Alpha Blended' not found
Shader 'WFX/Transparent Specular': fallback shader 'Particles/Alpha Blended' not found
Refreshing native plugins compatible for Editor in 0.76 ms, found 2 plugins.
Preloading 0 native plugins for Editor in 0.00 ms.
Unloading 1629 Unused Serialized files (Serialized files now loaded: 0)
System memory in use before: 92.1 MB.
System memory in use after: 92.2 MB.

Unloading 14 unused Assets to reduce memory usage. Loaded Objects now: 2156.
Total: 4.827800 ms (FindLiveObjects: 0.281500 ms CreateObjectMapping: 0.072600 ms MarkObjects: 4.366400 ms  DeleteObjects: 0.105400 ms)

========================================================================
Received Prepare
Registering precompiled user dll's ...
Registered in 0.006096 seconds.
Begin MonoManager ReloadAssembly
Native extension for WindowsStandalone target not found
Native extension for WebGL target not found
Refreshing native plugins compatible for Editor in 0.48 ms, found 2 plugins.
Preloading 0 native plugins for Editor in 0.00 ms.
Mono: successfully reloaded assembly
- Completed reload, in  1.442 seconds
Platform modules already initialized, skipping
Shader 'WFX/Transparent Diffuse': fallback shader 'Particles/Alpha Blended' not found
Shader 'WFX/Transparent Specular': fallback shader 'Particles/Alpha Blended' not found
Refreshing native plugins compatible for Editor in 0.76 ms, found 2 plugins.
Preloading 0 native plugins for Editor in 0.00 ms.
Unloading 1629 Unused Serialized files (Serialized files now loaded: 0)
System memory in use before: 92.1 MB.
System memory in use after: 92.2 MB.

Unloading 14 unused Assets to reduce memory usage. Loaded Objects now: 2159.
Total: 3.998600 ms (FindLiveObjects: 0.261000 ms CreateObjectMapping: 0.079500 ms MarkObjects: 3.510200 ms  DeleteObjects: 0.145700 ms)

========================================================================
Received Prepare
Registering precompiled user dll's ...
Registered in 0.005085 seconds.
Begin MonoManager ReloadAssembly
Native extension for WindowsStandalone target not found
Native extension for WebGL target not found
Refreshing native plugins compatible for Editor in 0.48 ms, found 2 plugins.
Preloading 0 native plugins for Editor in 0.00 ms.
Mono: successfully reloaded assembly
- Completed reload, in  1.242 seconds
Platform modules already initialized, skipping
Shader 'WFX/Transparent Diffuse': fallback shader 'Particles/Alpha Blended' not found
Shader 'WFX/Transparent Specular': fallback shader 'Particles/Alpha Blended' not found
Refreshing native plugins compatible for Editor in 0.80 ms, found 2 plugins.
Preloading 0 native plugins for Editor in 0.00 ms.
Unloading 1629 Unused Serialized files (Serialized files now loaded: 0)
System memory in use before: 92.1 MB.
System memory in use after: 92.2 MB.

Unloading 14 unused Assets to reduce memory usage. Loaded Objects now: 2162.
Total: 3.261500 ms (FindLiveObjects: 0.259100 ms CreateObjectMapping: 0.073800 ms MarkObjects: 2.841200 ms  DeleteObjects: 0.085600 ms)

========================================================================
Received Import Request.
  Time since last request: 924.523294 seconds.
  path: Assets/Materials/AwakeMat.mat
  artifactKey: Guid(451418893f15fc14488b582a8899d405) Importer(815301076,1909f56bfc062723c751e8b465ee728b)
Start importing Assets/Materials/AwakeMat.mat using Guid(451418893f15fc14488b582a8899d405) Importer(815301076,1909f56bfc062723c751e8b465ee728b)  -> (artifact id: '3808546bd2190b21190ec0535e5898b8') in 0.102922 seconds
  Import took 0.106655 seconds .

========================================================================
Received Import Request.
  Time since last request: 0.000451 seconds.
  path: Assets/Models/Materials/Beta_Joints_MAT.mat
  artifactKey: Guid(85ef6f5bfdb9c0e42a5c581190c5aa9f) Importer(815301076,1909f56bfc062723c751e8b465ee728b)
Start importing Assets/Models/Materials/Beta_Joints_MAT.mat using Guid(85ef6f5bfdb9c0e42a5c581190c5aa9f) Importer(815301076,1909f56bfc062723c751e8b465ee728b)  -> (artifact id: '4898d46e2e755db5b23d923992c5ed8c') in 0.015140 seconds
  Import took 0.019122 seconds .

========================================================================
Received Import Request.
  Time since last request: 0.000190 seconds.
  path: Assets/Models/Materials/Beta_Body_MAT.mat
  artifactKey: Guid(a4222ea720ffa2f4b868adc1ddd708c7) Importer(815301076,1909f56bfc062723c751e8b465ee728b)
Start importing Assets/Models/Materials/Beta_Body_MAT.mat using Guid(a4222ea720ffa2f4b868adc1ddd708c7) Importer(815301076,1909f56bfc062723c751e8b465ee728b)  -> (artifact id: '0275c87d9e1432079f950596137a7c29') in 0.016157 seconds
  Import took 0.019633 seconds .

========================================================================
Received Import Request.
  Time since last request: 7.379047 seconds.
  path: Assets/Materials/CalibrationFloorDiffuse.mat
  artifactKey: Guid(68af5d8f8c9e2d649b6321cc76c76533) Importer(815301076,1909f56bfc062723c751e8b465ee728b)
Start importing Assets/Materials/CalibrationFloorDiffuse.mat using Guid(68af5d8f8c9e2d649b6321cc76c76533) Importer(815301076,1909f56bfc062723c751e8b465ee728b)  -> (artifact id: '6adc582feb41013cfdf6e70d5a9329eb') in 0.046606 seconds
  Import took 0.050097 seconds .

========================================================================
Received Import Request.
  Time since last request: 0.000305 seconds.
  path: Assets/EffectExamples/Misc Effects/Materials/Dissolve.mat
  artifactKey: Guid(8385f0e712bb65b428cf18e6ab1c29c6) Importer(815301076,1909f56bfc062723c751e8b465ee728b)
Start importing Assets/EffectExamples/Misc Effects/Materials/Dissolve.mat using Guid(8385f0e712bb65b428cf18e6ab1c29c6) Importer(815301076,1909f56bfc062723c751e8b465ee728b)  -> (artifact id: 'd09708d063b5007d9a32e669227fb1e1') in 0.255198 seconds
  Import took 0.258100 seconds .

========================================================================
Received Import Request.
  Time since last request: 0.000211 seconds.
  path: Assets/EffectExamples/Misc Effects/Materials/DissolveChunks.mat
  artifactKey: Guid(3544992394a7b954789108f2fa57027e) Importer(815301076,1909f56bfc062723c751e8b465ee728b)
Start importing Assets/EffectExamples/Misc Effects/Materials/DissolveChunks.mat using Guid(3544992394a7b954789108f2fa57027e) Importer(815301076,1909f56bfc062723c751e8b465ee728b)  -> (artifact id: '58f52ae3ba0b2b306a410bde6bce7551') in 1.573574 seconds
  Import took 1.577106 seconds .

========================================================================
Received Prepare
Registering precompiled user dll's ...
Registered in 0.004518 seconds.
Begin MonoManager ReloadAssembly
Native extension for WindowsStandalone target not found
Native extension for WebGL target not found
Refreshing native plugins compatible for Editor in 0.46 ms, found 2 plugins.
Preloading 0 native plugins for Editor in 0.00 ms.
Mono: successfully reloaded assembly
- Completed reload, in  1.085 seconds
Platform modules already initialized, skipping
Shader 'WFX/Transparent Diffuse': fallback shader 'Particles/Alpha Blended' not found
Shader 'WFX/Transparent Specular': fallback shader 'Particles/Alpha Blended' not found
Refreshing native plugins compatible for Editor in 0.50 ms, found 2 plugins.
Preloading 0 native plugins for Editor in 0.00 ms.
Unloading 1629 Unused Serialized files (Serialized files now loaded: 0)
System memory in use before: 166.8 MB.
System memory in use after: 166.9 MB.

Unloading 14 unused Assets to reduce memory usage. Loaded Objects now: 2206.
Total: 3.772500 ms (FindLiveObjects: 0.400300 ms CreateObjectMapping: 0.173900 ms MarkObjects: 3.084900 ms  DeleteObjects: 0.111500 ms)

========================================================================
Received Prepare
Registering precompiled user dll's ...
Registered in 0.005956 seconds.
Begin MonoManager ReloadAssembly
Native extension for WindowsStandalone target not found
Native extension for WebGL target not found
Refreshing native plugins compatible for Editor in 0.49 ms, found 2 plugins.
Preloading 0 native plugins for Editor in 0.00 ms.
Mono: successfully reloaded assembly
- Completed reload, in  1.124 seconds
Platform modules already initialized, skipping
Shader 'WFX/Transparent Diffuse': fallback shader 'Particles/Alpha Blended' not found
Shader 'WFX/Transparent Specular': fallback shader 'Particles/Alpha Blended' not found
Refreshing native plugins compatible for Editor in 0.77 ms, found 2 plugins.
Preloading 0 native plugins for Editor in 0.00 ms.
Unloading 1629 Unused Serialized files (Serialized files now loaded: 0)
System memory in use before: 166.8 MB.
System memory in use after: 166.9 MB.

Unloading 14 unused Assets to reduce memory usage. Loaded Objects now: 2209.
Total: 4.089800 ms (FindLiveObjects: 0.267300 ms CreateObjectMapping: 0.094500 ms MarkObjects: 3.621600 ms  DeleteObjects: 0.104700 ms)

========================================================================
Received Import Request.
  Time since last request: 219.147611 seconds.
  path: Assets/Animation
  artifactKey: Guid(4ca896c74dc5e7b4cb75441c904c7772) Importer(815301076,1909f56bfc062723c751e8b465ee728b)
Start importing Assets/Animation using Guid(4ca896c74dc5e7b4cb75441c904c7772) Importer(815301076,1909f56bfc062723c751e8b465ee728b)  -> (artifact id: '56de19c7b4bb1ed61924886d4f3aff4f') in 0.013399 seconds
  Import took 0.017754 seconds .

========================================================================
Received Import Request.
  Time since last request: 1.281534 seconds.
  path: Assets/Animation/Cube (5).controller
  artifactKey: Guid(8442c7d252781eb4798c4282f8d89f95) Importer(815301076,1909f56bfc062723c751e8b465ee728b)
Start importing Assets/Animation/Cube (5).controller using Guid(8442c7d252781eb4798c4282f8d89f95) Importer(815301076,1909f56bfc062723c751e8b465ee728b)  -> (artifact id: '045af5948e02c1354e916dc6fddb635e') in 0.017989 seconds
  Import took 0.021125 seconds .

========================================================================
Received Import Request.
  Time since last request: 5.967651 seconds.
  path: Assets/Animation/slider2d.anim
  artifactKey: Guid(f8c55fec57f43ef47a33fecc7bd9d9e6) Importer(815301076,1909f56bfc062723c751e8b465ee728b)
Start importing Assets/Animation/slider2d.anim using Guid(f8c55fec57f43ef47a33fecc7bd9d9e6) Importer(815301076,1909f56bfc062723c751e8b465ee728b)  -> (artifact id: '7ef657f5848acb0055ef45ee96d44ff5') in 0.012293 seconds
  Import took 0.015614 seconds .

========================================================================
Received Import Request.
  Time since last request: 0.001578 seconds.
  path: Assets/Animation/slider2d.anim
  artifactKey: Guid(f8c55fec57f43ef47a33fecc7bd9d9e6) Importer(815301076,1909f56bfc062723c751e8b465ee728b)
Start importing Assets/Animation/slider2d.anim using Guid(f8c55fec57f43ef47a33fecc7bd9d9e6) Importer(815301076,1909f56bfc062723c751e8b465ee728b)  -> (artifact id: '7ef657f5848acb0055ef45ee96d44ff5') in 0.003660 seconds
  Import took 0.007332 seconds .

========================================================================
Received Import Request.
  Time since last request: 1.713882 seconds.
  path: Assets/Animation/slider3d.anim
  artifactKey: Guid(9b5e403c0834d4147a965662556fa11a) Importer(815301076,1909f56bfc062723c751e8b465ee728b)
Start importing Assets/Animation/slider3d.anim using Guid(9b5e403c0834d4147a965662556fa11a) Importer(815301076,1909f56bfc062723c751e8b465ee728b)  -> (artifact id: '84a2c8c1680e92bcf6900278fa0439c4') in 0.008545 seconds
  Import took 0.012060 seconds .

========================================================================
Received Import Request.
  Time since last request: 0.007524 seconds.
  path: Assets/Animation/slider3d.anim
  artifactKey: Guid(9b5e403c0834d4147a965662556fa11a) Importer(815301076,1909f56bfc062723c751e8b465ee728b)
Start importing Assets/Animation/slider3d.anim using Guid(9b5e403c0834d4147a965662556fa11a) Importer(815301076,1909f56bfc062723c751e8b465ee728b)  -> (artifact id: '84a2c8c1680e92bcf6900278fa0439c4') in 0.003500 seconds
  Import took 0.007351 seconds .

AssetImportWorkerClient::OnTransportError - code=2 error=End of file
