Using pre-set license
Built from '2020.3/staging' branch; Version is '2020.3.5f1 (8095aa901b9b) revision 8426922'; Using compiler version '192528614'; Build Type 'Release'
OS: 'Windows 10 Pro; OS build 19044.1566; Version 2009; 64bit' Language: 'en' Physical Memory: 65480 MB
BatchMode: 1, IsHumanControllingUs: 0, StartBugReporterOnCrash: 0, Is64bit: 1, IsPro: 0

 COMMAND LINE ARGUMENTS:
C:\Program Files\Unity\Hub\Editor\2020.3.5f1\Editor\Unity.exe
-adb2
-batchMode
-noUpm
-name
AssetImportWorker0
-projectPath
C:/Users/craig/OneDrive/Desktop/Git/kylethis-one-/AIE2022/Physics2022
-logFile
Logs/AssetImportWorker0.log
-srvPort
54486
Successfully changed project path to: C:/Users/craig/OneDrive/Desktop/Git/kylethis-one-/AIE2022/Physics2022
C:/Users/craig/OneDrive/Desktop/Git/kylethis-one-/AIE2022/Physics2022
Using Asset Import Pipeline V2.
Refreshing native plugins compatible for Editor in 23.54 ms, found 2 plugins.
Preloading 0 native plugins for Editor in 0.00 ms.
Initialize engine version: 2020.3.5f1 (8095aa901b9b)
[Subsystems] Discovering subsystems at path C:/Program Files/Unity/Hub/Editor/2020.3.5f1/Editor/Data/Resources/UnitySubsystems
[Subsystems] Discovering subsystems at path C:/Users/craig/OneDrive/Desktop/Git/kylethis-one-/AIE2022/Physics2022/Assets
GfxDevice: creating device client; threaded=0
Direct3D:
    Version:  Direct3D 11.0 [level 11.1]
    Renderer: NVIDIA GeForce RTX 3090 (ID=0x2204)
    Vendor:   
    VRAM:     24348 MB
    Driver:   30.0.15.1179
Initialize mono
Mono path[0] = 'C:/Program Files/Unity/Hub/Editor/2020.3.5f1/Editor/Data/Managed'
Mono path[1] = 'C:/Program Files/Unity/Hub/Editor/2020.3.5f1/Editor/Data/MonoBleedingEdge/lib/mono/unityjit'
Mono config path = 'C:/Program Files/Unity/Hub/Editor/2020.3.5f1/Editor/Data/MonoBleedingEdge/etc'
Using monoOptions --debugger-agent=transport=dt_socket,embedding=1,server=y,suspend=n,address=127.0.0.1:56336
Begin MonoManager ReloadAssembly
Registering precompiled unity dll's ...
Register platform support module: C:/Program Files/Unity/Hub/Editor/2020.3.5f1/Editor/Data/PlaybackEngines/WebGLSupport/UnityEditor.WebGL.Extensions.dll
Register platform support module: C:/Program Files/Unity/Hub/Editor/2020.3.5f1/Editor/Data/PlaybackEngines/WindowsStandaloneSupport/UnityEditor.WindowsStandalone.Extensions.dll
Registered in 0.002307 seconds.
Native extension for WindowsStandalone target not found
Native extension for WebGL target not found
Refreshing native plugins compatible for Editor in 20.50 ms, found 2 plugins.
Preloading 0 native plugins for Editor in 0.00 ms.
Mono: successfully reloaded assembly
- Completed reload, in  1.841 seconds
Platform modules already initialized, skipping
Registering precompiled user dll's ...
Registered in 0.005871 seconds.
Begin MonoManager ReloadAssembly
Native extension for WindowsStandalone target not found
Native extension for WebGL target not found
Refreshing native plugins compatible for Editor in 0.51 ms, found 2 plugins.
Preloading 0 native plugins for Editor in 0.00 ms.
Mono: successfully reloaded assembly
- Completed reload, in  1.069 seconds
Platform modules already initialized, skipping
========================================================================
Worker process is ready to serve import requests
Launched and connected shader compiler UnityShaderCompiler.exe after 0.05 seconds
Refreshing native plugins compatible for Editor in 0.47 ms, found 2 plugins.
Preloading 0 native plugins for Editor in 0.00 ms.
Unloading 1408 Unused Serialized files (Serialized files now loaded: 0)
System memory in use before: 78.6 MB.
System memory in use after: 78.7 MB.

Unloading 19 unused Assets to reduce memory usage. Loaded Objects now: 1862.
Total: 2.784700 ms (FindLiveObjects: 0.250900 ms CreateObjectMapping: 0.068000 ms MarkObjects: 2.390600 ms  DeleteObjects: 0.074400 ms)

========================================================================
Received Import Request.
  path: Assets/New Terrain.asset
  artifactKey: Guid(db4baa10b5b78c7499bfe421c2dcc2ba) Importer(815301076,1909f56bfc062723c751e8b465ee728b)
Start importing Assets/New Terrain.asset using Guid(db4baa10b5b78c7499bfe421c2dcc2ba) Importer(815301076,1909f56bfc062723c751e8b465ee728b)  -> (artifact id: '4b7e77c2cb34420115d1bc4e0a3abd72') in 0.038892 seconds
  Import took 0.041161 seconds .

========================================================================
Received Import Request.
  Time since last request: 32.482084 seconds.
  path: ProjectSettings/TagManager.asset
  artifactKey: Guid(00000000000000003000000000000000) Importer(815301076,1909f56bfc062723c751e8b465ee728b)
Start importing ProjectSettings/TagManager.asset using Guid(00000000000000003000000000000000) Importer(815301076,1909f56bfc062723c751e8b465ee728b)  -> (artifact id: '0584a0b7018db3fab19f81cb7dbef13c') in 0.003986 seconds
  Import took 0.005805 seconds .

========================================================================
Received Import Request.
  Time since last request: 0.001307 seconds.
  path: ProjectSettings/TagManager.asset
  artifactKey: Guid(00000000000000003000000000000000) Importer(815301076,1909f56bfc062723c751e8b465ee728b)
Start importing ProjectSettings/TagManager.asset using Guid(00000000000000003000000000000000) Importer(815301076,1909f56bfc062723c751e8b465ee728b)  -> (artifact id: '0584a0b7018db3fab19f81cb7dbef13c') in 0.003135 seconds
  Import took 0.004434 seconds .

========================================================================
Received Import Request.
  Time since last request: 10.062934 seconds.
  path: Assets/Scripts
  artifactKey: Guid(023078e785ac23c49b5938183f22ef58) Importer(815301076,1909f56bfc062723c751e8b465ee728b)
Start importing Assets/Scripts using Guid(023078e785ac23c49b5938183f22ef58) Importer(815301076,1909f56bfc062723c751e8b465ee728b)  -> (artifact id: '5d3e567f5dfb5448eae508076dd93031') in 0.003287 seconds
  Import took 0.005125 seconds .

========================================================================
Received Import Request.
  Time since last request: 2.568031 seconds.
  path: Assets/Scenes
  artifactKey: Guid(4ac911af150111d45b44403f2af7850a) Importer(815301076,1909f56bfc062723c751e8b465ee728b)
Start importing Assets/Scenes using Guid(4ac911af150111d45b44403f2af7850a) Importer(815301076,1909f56bfc062723c751e8b465ee728b)  -> (artifact id: '2e217a0282b4082f67f49a757959f1f7') in 0.002634 seconds
  Import took 0.004569 seconds .

========================================================================
Received Import Request.
  Time since last request: 1.447332 seconds.
  path: Assets/Prefabs
  artifactKey: Guid(e77dc616b37692b4db577c967ee56938) Importer(815301076,1909f56bfc062723c751e8b465ee728b)
Start importing Assets/Prefabs using Guid(e77dc616b37692b4db577c967ee56938) Importer(815301076,1909f56bfc062723c751e8b465ee728b)  -> (artifact id: '87ccb53a53a6641b9607bede598a60e6') in 0.003698 seconds
  Import took 0.005534 seconds .

========================================================================
Received Import Request.
  Time since last request: 0.068859 seconds.
  path: Assets/Prefabs/Beta 1.prefab
  artifactKey: Guid(0cd5348cfd8111a45962561a99f9331a) Importer(815301076,1909f56bfc062723c751e8b465ee728b)
Start importing Assets/Prefabs/Beta 1.prefab using Guid(0cd5348cfd8111a45962561a99f9331a) Importer(815301076,1909f56bfc062723c751e8b465ee728b)  -> (artifact id: '8b0be0f76696e646c103e7c73d8cbe03') in 0.071786 seconds
  Import took 0.073946 seconds .

========================================================================
Received Import Request.
  Time since last request: 0.000373 seconds.
  path: Assets/Prefabs/Beta.prefab
  artifactKey: Guid(76dc588e573be5c40a88c50249f60262) Importer(815301076,1909f56bfc062723c751e8b465ee728b)
Start importing Assets/Prefabs/Beta.prefab using Guid(76dc588e573be5c40a88c50249f60262) Importer(815301076,1909f56bfc062723c751e8b465ee728b)  -> (artifact id: '2488f246a749a22bd0f12edcce04d005') in 0.032734 seconds
  Import took 0.034593 seconds .

========================================================================
Received Import Request.
  Time since last request: 0.000348 seconds.
  path: Assets/Prefabs/table.prefab
  artifactKey: Guid(a85c8319d5a51b745a7b98d3f7a5177d) Importer(815301076,1909f56bfc062723c751e8b465ee728b)
Start importing Assets/Prefabs/table.prefab using Guid(a85c8319d5a51b745a7b98d3f7a5177d) Importer(815301076,1909f56bfc062723c751e8b465ee728b)  -> (artifact id: '181c4ddf10a0b7a0ebac40c79dbbbe55') in 0.114650 seconds
  Import took 0.116915 seconds .

========================================================================
Received Import Request.
  Time since last request: 0.000348 seconds.
  path: Assets/Prefabs/ChairPrim.prefab
  artifactKey: Guid(2fda43ecaa1d0b74a99bb83efb03c4db) Importer(815301076,1909f56bfc062723c751e8b465ee728b)
Start importing Assets/Prefabs/ChairPrim.prefab using Guid(2fda43ecaa1d0b74a99bb83efb03c4db) Importer(815301076,1909f56bfc062723c751e8b465ee728b)  -> (artifact id: '00b5fa666becdef86fece9c3ee23cbf0') in 0.017066 seconds
  Import took 0.018820 seconds .

========================================================================
Received Import Request.
  Time since last request: 0.000297 seconds.
  path: Assets/Prefabs/chair.prefab
  artifactKey: Guid(d65d9abff3e786040acbb18ac5f67e65) Importer(815301076,1909f56bfc062723c751e8b465ee728b)
Start importing Assets/Prefabs/chair.prefab using Guid(d65d9abff3e786040acbb18ac5f67e65) Importer(815301076,1909f56bfc062723c751e8b465ee728b)  -> (artifact id: '11c89ddb1a2cde5ea8cbf034c0cd288e') in 0.015426 seconds
  Import took 0.017053 seconds .

========================================================================
Received Import Request.
  Time since last request: 0.000294 seconds.
  path: Assets/Prefabs/Cube.prefab
  artifactKey: Guid(73e64a8a09ad9fe47b304556f5648325) Importer(815301076,1909f56bfc062723c751e8b465ee728b)
Start importing Assets/Prefabs/Cube.prefab using Guid(73e64a8a09ad9fe47b304556f5648325) Importer(815301076,1909f56bfc062723c751e8b465ee728b)  -> (artifact id: 'a88cedc4801bace0806f104e03d2456b') in 0.018384 seconds
  Import took 0.020098 seconds .

========================================================================
Received Import Request.
  Time since last request: 0.000221 seconds.
  path: Assets/Prefabs/chairBox.prefab
  artifactKey: Guid(d0c3c23d5899158459cb4696f31c73c7) Importer(815301076,1909f56bfc062723c751e8b465ee728b)
Start importing Assets/Prefabs/chairBox.prefab using Guid(d0c3c23d5899158459cb4696f31c73c7) Importer(815301076,1909f56bfc062723c751e8b465ee728b)  -> (artifact id: 'fe2aed22c5bb915e3b3f4eae6e2113bf') in 0.027982 seconds
  Import took 0.029310 seconds .

========================================================================
Received Import Request.
  Time since last request: 0.000289 seconds.
  path: Assets/Prefabs/StaticGeometry.prefab
  artifactKey: Guid(c75c32230dd9f5648a631e963c5a2f88) Importer(815301076,1909f56bfc062723c751e8b465ee728b)
Start importing Assets/Prefabs/StaticGeometry.prefab using Guid(c75c32230dd9f5648a631e963c5a2f88) Importer(815301076,1909f56bfc062723c751e8b465ee728b)  -> (artifact id: '89025136bf4a1f3bf4cb2d60db72047c') in 0.172335 seconds
  Import took 0.174105 seconds .

========================================================================
Received Import Request.
  Time since last request: 1.952274 seconds.
  path: Assets/Models
  artifactKey: Guid(93c9ffe89c76b3f43a9f69b890938770) Importer(815301076,1909f56bfc062723c751e8b465ee728b)
Start importing Assets/Models using Guid(93c9ffe89c76b3f43a9f69b890938770) Importer(815301076,1909f56bfc062723c751e8b465ee728b)  -> (artifact id: '4f745e95fbd26d108d259cfdce1d6ce9') in 0.004928 seconds
  Import took 0.006838 seconds .

========================================================================
Received Import Request.
  Time since last request: 0.069912 seconds.
  path: Assets/Models/table_and_chair.FBX
  artifactKey: Guid(648250201fabe574b8591ee45cddcf4a) Importer(815301076,1909f56bfc062723c751e8b465ee728b)
Start importing Assets/Models/table_and_chair.FBX using Guid(648250201fabe574b8591ee45cddcf4a) Importer(815301076,1909f56bfc062723c751e8b465ee728b)  -> (artifact id: '636f0b4f04a138fdc8a91517479d2b9d') in 0.059944 seconds
  Import took 0.062002 seconds .

========================================================================
Received Import Request.
  Time since last request: 1.594921 seconds.
  path: Assets/Character/HumanoidCrouch.fbx
  artifactKey: Guid(d89ea37480b6d75458aa38843e9688dc) Importer(815301076,1909f56bfc062723c751e8b465ee728b)
Start importing Assets/Character/HumanoidCrouch.fbx using Guid(d89ea37480b6d75458aa38843e9688dc) Importer(815301076,1909f56bfc062723c751e8b465ee728b)  -> (artifact id: '728789277f25dcfe1f004446416369c2') in 0.011317 seconds
  Import took 0.014037 seconds .

========================================================================
Received Import Request.
  Time since last request: 0.000292 seconds.
  path: Assets/Character/HumanoidIdle.fbx
  artifactKey: Guid(dffa50cfe77e0434bbfa71245b3dd529) Importer(815301076,1909f56bfc062723c751e8b465ee728b)
Start importing Assets/Character/HumanoidIdle.fbx using Guid(dffa50cfe77e0434bbfa71245b3dd529) Importer(815301076,1909f56bfc062723c751e8b465ee728b)  -> (artifact id: '780962e19fa3e15766d98a5a321edb91') in 0.005651 seconds
  Import took 0.007283 seconds .

========================================================================
Received Import Request.
  Time since last request: 0.000237 seconds.
  path: Assets/Character/HumanoidRun.fbx
  artifactKey: Guid(1cb8ed3cbba15f0479fbae54e0a963df) Importer(815301076,1909f56bfc062723c751e8b465ee728b)
Start importing Assets/Character/HumanoidRun.fbx using Guid(1cb8ed3cbba15f0479fbae54e0a963df) Importer(815301076,1909f56bfc062723c751e8b465ee728b)  -> (artifact id: '66f4d42670570d35f96d8108bd711d0e') in 0.005486 seconds
  Import took 0.006868 seconds .

========================================================================
Received Import Request.
  Time since last request: 0.000225 seconds.
  path: Assets/Character/HumanoidMidAir.fbx
  artifactKey: Guid(f03e10c73f30b4ab4aa8ea8f1cc16d36) Importer(815301076,1909f56bfc062723c751e8b465ee728b)
Start importing Assets/Character/HumanoidMidAir.fbx using Guid(f03e10c73f30b4ab4aa8ea8f1cc16d36) Importer(815301076,1909f56bfc062723c751e8b465ee728b)  -> (artifact id: '2cc4b8e8329e67289fdb2bfee55dce2b') in 0.005412 seconds
  Import took 0.007002 seconds .

========================================================================
Received Import Request.
  Time since last request: 1.498184 seconds.
  path: Assets/Animation
  artifactKey: Guid(4ca896c74dc5e7b4cb75441c904c7772) Importer(815301076,1909f56bfc062723c751e8b465ee728b)
Start importing Assets/Animation using Guid(4ca896c74dc5e7b4cb75441c904c7772) Importer(815301076,1909f56bfc062723c751e8b465ee728b)  -> (artifact id: '62971ccc4e71304d311aa3dd422d983e') in 0.003301 seconds
  Import took 0.005208 seconds .

========================================================================
Received Import Request.
  Time since last request: 1.260907 seconds.
  path: Assets/_Scenes
  artifactKey: Guid(33dae47184af5fc44a48b592c1697421) Importer(815301076,1909f56bfc062723c751e8b465ee728b)
Start importing Assets/_Scenes using Guid(33dae47184af5fc44a48b592c1697421) Importer(815301076,1909f56bfc062723c751e8b465ee728b)  -> (artifact id: '98f305ea35bcb812ed87c59f5ad30777') in 0.002770 seconds
  Import took 0.004680 seconds .

========================================================================
Received Prepare
Registering precompiled user dll's ...
Registered in 0.003974 seconds.
Begin MonoManager ReloadAssembly
Native extension for WindowsStandalone target not found
Native extension for WebGL target not found
Refreshing native plugins compatible for Editor in 0.34 ms, found 2 plugins.
Preloading 0 native plugins for Editor in 0.00 ms.
Mono: successfully reloaded assembly
- Completed reload, in  0.696 seconds
Platform modules already initialized, skipping
Refreshing native plugins compatible for Editor in 0.28 ms, found 2 plugins.
Preloading 0 native plugins for Editor in 0.00 ms.
Unloading 1403 Unused Serialized files (Serialized files now loaded: 0)
System memory in use before: 82.2 MB.
System memory in use after: 82.3 MB.

Unloading 17 unused Assets to reduce memory usage. Loaded Objects now: 1877.
Total: 2.133100 ms (FindLiveObjects: 0.174200 ms CreateObjectMapping: 0.035000 ms MarkObjects: 1.853200 ms  DeleteObjects: 0.070000 ms)

========================================================================
Received Prepare
Registering precompiled user dll's ...
Registered in 0.004877 seconds.
Begin MonoManager ReloadAssembly
Native extension for WindowsStandalone target not found
Native extension for WebGL target not found
Refreshing native plugins compatible for Editor in 0.37 ms, found 2 plugins.
Preloading 0 native plugins for Editor in 0.00 ms.
Mono: successfully reloaded assembly
- Completed reload, in  0.767 seconds
Platform modules already initialized, skipping
Refreshing native plugins compatible for Editor in 0.33 ms, found 2 plugins.
Preloading 0 native plugins for Editor in 0.00 ms.
Unloading 1403 Unused Serialized files (Serialized files now loaded: 0)
System memory in use before: 82.2 MB.
System memory in use after: 82.3 MB.

Unloading 14 unused Assets to reduce memory usage. Loaded Objects now: 1880.
Total: 3.744900 ms (FindLiveObjects: 0.412900 ms CreateObjectMapping: 0.063800 ms MarkObjects: 3.192500 ms  DeleteObjects: 0.074000 ms)

========================================================================
Received Prepare
Registering precompiled user dll's ...
Registered in 0.004870 seconds.
Begin MonoManager ReloadAssembly
Native extension for WindowsStandalone target not found
Native extension for WebGL target not found
Refreshing native plugins compatible for Editor in 0.32 ms, found 2 plugins.
Preloading 0 native plugins for Editor in 0.00 ms.
Mono: successfully reloaded assembly
- Completed reload, in  0.758 seconds
Platform modules already initialized, skipping
Refreshing native plugins compatible for Editor in 0.33 ms, found 2 plugins.
Preloading 0 native plugins for Editor in 0.00 ms.
Unloading 1403 Unused Serialized files (Serialized files now loaded: 0)
System memory in use before: 82.2 MB.
System memory in use after: 82.3 MB.

Unloading 14 unused Assets to reduce memory usage. Loaded Objects now: 1883.
Total: 3.393500 ms (FindLiveObjects: 0.312400 ms CreateObjectMapping: 0.079200 ms MarkObjects: 2.928900 ms  DeleteObjects: 0.071900 ms)

========================================================================
Received Prepare
Registering precompiled user dll's ...
Registered in 0.004407 seconds.
Begin MonoManager ReloadAssembly
Native extension for WindowsStandalone target not found
Native extension for WebGL target not found
Refreshing native plugins compatible for Editor in 0.33 ms, found 2 plugins.
Preloading 0 native plugins for Editor in 0.00 ms.
Mono: successfully reloaded assembly
- Completed reload, in  0.738 seconds
Platform modules already initialized, skipping
Refreshing native plugins compatible for Editor in 0.33 ms, found 2 plugins.
Preloading 0 native plugins for Editor in 0.00 ms.
Unloading 1403 Unused Serialized files (Serialized files now loaded: 0)
System memory in use before: 82.2 MB.
System memory in use after: 82.3 MB.

Unloading 14 unused Assets to reduce memory usage. Loaded Objects now: 1886.
Total: 2.447200 ms (FindLiveObjects: 0.149800 ms CreateObjectMapping: 0.037400 ms MarkObjects: 2.203000 ms  DeleteObjects: 0.055900 ms)

========================================================================
Received Prepare
Registering precompiled user dll's ...
Registered in 0.004015 seconds.
Begin MonoManager ReloadAssembly
Native extension for WindowsStandalone target not found
Native extension for WebGL target not found
Refreshing native plugins compatible for Editor in 0.34 ms, found 2 plugins.
Preloading 0 native plugins for Editor in 0.00 ms.
Mono: successfully reloaded assembly
- Completed reload, in  0.753 seconds
Platform modules already initialized, skipping
Refreshing native plugins compatible for Editor in 0.34 ms, found 2 plugins.
Preloading 0 native plugins for Editor in 0.00 ms.
Unloading 1403 Unused Serialized files (Serialized files now loaded: 0)
System memory in use before: 82.3 MB.
System memory in use after: 82.4 MB.

Unloading 14 unused Assets to reduce memory usage. Loaded Objects now: 1889.
Total: 2.320900 ms (FindLiveObjects: 0.228600 ms CreateObjectMapping: 0.036000 ms MarkObjects: 1.989600 ms  DeleteObjects: 0.065700 ms)

========================================================================
Received Prepare
Registering precompiled user dll's ...
Registered in 0.003838 seconds.
Begin MonoManager ReloadAssembly
Native extension for WindowsStandalone target not found
Native extension for WebGL target not found
Refreshing native plugins compatible for Editor in 0.34 ms, found 2 plugins.
Preloading 0 native plugins for Editor in 0.00 ms.
Mono: successfully reloaded assembly
- Completed reload, in  0.746 seconds
Platform modules already initialized, skipping
Refreshing native plugins compatible for Editor in 0.33 ms, found 2 plugins.
Preloading 0 native plugins for Editor in 0.00 ms.
Unloading 1403 Unused Serialized files (Serialized files now loaded: 0)
System memory in use before: 82.3 MB.
System memory in use after: 82.4 MB.

Unloading 14 unused Assets to reduce memory usage. Loaded Objects now: 1892.
Total: 2.992000 ms (FindLiveObjects: 0.185800 ms CreateObjectMapping: 0.026300 ms MarkObjects: 2.684400 ms  DeleteObjects: 0.094600 ms)

========================================================================
Received Prepare
Registering precompiled user dll's ...
Registered in 0.004508 seconds.
Begin MonoManager ReloadAssembly
Native extension for WindowsStandalone target not found
Native extension for WebGL target not found
Refreshing native plugins compatible for Editor in 0.34 ms, found 2 plugins.
Preloading 0 native plugins for Editor in 0.00 ms.
Mono: successfully reloaded assembly
- Completed reload, in  0.752 seconds
Platform modules already initialized, skipping
Refreshing native plugins compatible for Editor in 0.33 ms, found 2 plugins.
Preloading 0 native plugins for Editor in 0.00 ms.
Unloading 1403 Unused Serialized files (Serialized files now loaded: 0)
System memory in use before: 82.3 MB.
System memory in use after: 82.4 MB.

Unloading 14 unused Assets to reduce memory usage. Loaded Objects now: 1895.
Total: 1.953000 ms (FindLiveObjects: 0.165000 ms CreateObjectMapping: 0.026600 ms MarkObjects: 1.700700 ms  DeleteObjects: 0.059100 ms)

========================================================================
Received Import Request.
  Time since last request: 3784.783259 seconds.
  path: Assets/Scripts/RagTest.cs
  artifactKey: Guid(5845f3b01a3e9404d9a2f89ed8cb319a) Importer(815301076,1909f56bfc062723c751e8b465ee728b)
Start importing Assets/Scripts/RagTest.cs using Guid(5845f3b01a3e9404d9a2f89ed8cb319a) Importer(815301076,1909f56bfc062723c751e8b465ee728b)  -> (artifact id: '5ea61b233042da7197b1e2d7a1253615') in 0.010991 seconds
  Import took 0.013511 seconds .

========================================================================
Received Prepare
Registering precompiled user dll's ...
Registered in 0.003992 seconds.
Begin MonoManager ReloadAssembly
Native extension for WindowsStandalone target not found
Native extension for WebGL target not found
Refreshing native plugins compatible for Editor in 0.34 ms, found 2 plugins.
Preloading 0 native plugins for Editor in 0.00 ms.
Mono: successfully reloaded assembly
- Completed reload, in  0.761 seconds
Platform modules already initialized, skipping
Refreshing native plugins compatible for Editor in 0.35 ms, found 2 plugins.
Preloading 0 native plugins for Editor in 0.00 ms.
Unloading 1402 Unused Serialized files (Serialized files now loaded: 0)
System memory in use before: 82.3 MB.
System memory in use after: 82.4 MB.

Unloading 15 unused Assets to reduce memory usage. Loaded Objects now: 1897.
Total: 2.198900 ms (FindLiveObjects: 0.185500 ms CreateObjectMapping: 0.037000 ms MarkObjects: 1.922300 ms  DeleteObjects: 0.053200 ms)

========================================================================
Received Import Request.
  Time since last request: 17.696344 seconds.
  path: Assets/Scripts/RagdollTest.cs
  artifactKey: Guid(ea358677010fb3f48a1fde86cf211369) Importer(815301076,1909f56bfc062723c751e8b465ee728b)
Start importing Assets/Scripts/RagdollTest.cs using Guid(ea358677010fb3f48a1fde86cf211369) Importer(815301076,1909f56bfc062723c751e8b465ee728b)  -> (artifact id: 'ed488c5c1c305660d98bbe400c47c43b') in 0.006155 seconds
  Import took 0.008510 seconds .

========================================================================
Received Prepare
Registering precompiled user dll's ...
Registered in 0.004081 seconds.
Begin MonoManager ReloadAssembly
Native extension for WindowsStandalone target not found
Native extension for WebGL target not found
Refreshing native plugins compatible for Editor in 0.35 ms, found 2 plugins.
Preloading 0 native plugins for Editor in 0.00 ms.
Mono: successfully reloaded assembly
- Completed reload, in  0.759 seconds
Platform modules already initialized, skipping
Refreshing native plugins compatible for Editor in 0.34 ms, found 2 plugins.
Preloading 0 native plugins for Editor in 0.00 ms.
Unloading 1403 Unused Serialized files (Serialized files now loaded: 0)
System memory in use before: 82.3 MB.
System memory in use after: 82.4 MB.

Unloading 14 unused Assets to reduce memory usage. Loaded Objects now: 1901.
Total: 2.117600 ms (FindLiveObjects: 0.168600 ms CreateObjectMapping: 0.032700 ms MarkObjects: 1.847900 ms  DeleteObjects: 0.067800 ms)

========================================================================
Received Prepare
Registering precompiled user dll's ...
Registered in 0.003927 seconds.
Begin MonoManager ReloadAssembly
Native extension for WindowsStandalone target not found
Native extension for WebGL target not found
Refreshing native plugins compatible for Editor in 0.37 ms, found 2 plugins.
Preloading 0 native plugins for Editor in 0.00 ms.
Mono: successfully reloaded assembly
- Completed reload, in  0.743 seconds
Platform modules already initialized, skipping
Refreshing native plugins compatible for Editor in 0.33 ms, found 2 plugins.
Preloading 0 native plugins for Editor in 0.00 ms.
Unloading 1403 Unused Serialized files (Serialized files now loaded: 0)
System memory in use before: 82.3 MB.
System memory in use after: 82.4 MB.

Unloading 14 unused Assets to reduce memory usage. Loaded Objects now: 1904.
Total: 2.166000 ms (FindLiveObjects: 0.209200 ms CreateObjectMapping: 0.060700 ms MarkObjects: 1.831500 ms  DeleteObjects: 0.063500 ms)

========================================================================
Received Import Request.
  Time since last request: 356.866562 seconds.
  path: Assets/Scripts/RagdollTest.cs
  artifactKey: Guid(ea358677010fb3f48a1fde86cf211369) Importer(815301076,1909f56bfc062723c751e8b465ee728b)
Start importing Assets/Scripts/RagdollTest.cs using Guid(ea358677010fb3f48a1fde86cf211369) Importer(815301076,1909f56bfc062723c751e8b465ee728b)  -> (artifact id: '1f266ed5842c35478a6e051390b1af22') in 0.005989 seconds
  Import took 0.008381 seconds .

========================================================================
Received Import Request.
  Time since last request: 0.000219 seconds.
  path: Assets/Scripts/RagdollTest.cs
  artifactKey: Guid(ea358677010fb3f48a1fde86cf211369) Importer(815301076,1909f56bfc062723c751e8b465ee728b)
Start importing Assets/Scripts/RagdollTest.cs using Guid(ea358677010fb3f48a1fde86cf211369) Importer(815301076,1909f56bfc062723c751e8b465ee728b)  -> (artifact id: '1f266ed5842c35478a6e051390b1af22') in 0.002652 seconds
  Import took 0.004745 seconds .

========================================================================
Received Prepare
Registering precompiled user dll's ...
Registered in 0.003912 seconds.
Begin MonoManager ReloadAssembly
Native extension for WindowsStandalone target not found
Native extension for WebGL target not found
Refreshing native plugins compatible for Editor in 0.31 ms, found 2 plugins.
Preloading 0 native plugins for Editor in 0.00 ms.
Mono: successfully reloaded assembly
- Completed reload, in  0.729 seconds
Platform modules already initialized, skipping
Refreshing native plugins compatible for Editor in 0.35 ms, found 2 plugins.
Preloading 0 native plugins for Editor in 0.00 ms.
Unloading 1403 Unused Serialized files (Serialized files now loaded: 0)
System memory in use before: 82.3 MB.
System memory in use after: 82.4 MB.

Unloading 14 unused Assets to reduce memory usage. Loaded Objects now: 1907.
Total: 2.175800 ms (FindLiveObjects: 0.172100 ms CreateObjectMapping: 0.031400 ms MarkObjects: 1.906900 ms  DeleteObjects: 0.064500 ms)

========================================================================
Received Prepare
Registering precompiled user dll's ...
Registered in 0.004013 seconds.
Begin MonoManager ReloadAssembly
Native extension for WindowsStandalone target not found
Native extension for WebGL target not found
Refreshing native plugins compatible for Editor in 0.33 ms, found 2 plugins.
Preloading 0 native plugins for Editor in 0.00 ms.
Mono: successfully reloaded assembly
- Completed reload, in  0.782 seconds
Platform modules already initialized, skipping
Refreshing native plugins compatible for Editor in 0.33 ms, found 2 plugins.
Preloading 0 native plugins for Editor in 0.00 ms.
Unloading 1403 Unused Serialized files (Serialized files now loaded: 0)
System memory in use before: 82.3 MB.
System memory in use after: 82.4 MB.

Unloading 14 unused Assets to reduce memory usage. Loaded Objects now: 1910.
Total: 2.064500 ms (FindLiveObjects: 0.213700 ms CreateObjectMapping: 0.037900 ms MarkObjects: 1.751600 ms  DeleteObjects: 0.060100 ms)

========================================================================
Received Import Request.
  Time since last request: 126.811935 seconds.
  path: Assets/Scripts/Health.cs
  artifactKey: Guid(0576d98d16f523448a4f52c390402fd7) Importer(815301076,1909f56bfc062723c751e8b465ee728b)
Start importing Assets/Scripts/Health.cs using Guid(0576d98d16f523448a4f52c390402fd7) Importer(815301076,1909f56bfc062723c751e8b465ee728b)  -> (artifact id: 'fda1878088bc1fc43e03713f84bcfa0a') in 0.005817 seconds
  Import took 0.008031 seconds .

========================================================================
Received Prepare
Registering precompiled user dll's ...
Registered in 0.004194 seconds.
Begin MonoManager ReloadAssembly
Native extension for WindowsStandalone target not found
Native extension for WebGL target not found
Refreshing native plugins compatible for Editor in 0.34 ms, found 2 plugins.
Preloading 0 native plugins for Editor in 0.00 ms.
Mono: successfully reloaded assembly
- Completed reload, in  0.852 seconds
Platform modules already initialized, skipping
Refreshing native plugins compatible for Editor in 0.34 ms, found 2 plugins.
Preloading 0 native plugins for Editor in 0.00 ms.
Unloading 1404 Unused Serialized files (Serialized files now loaded: 0)
System memory in use before: 82.4 MB.
System memory in use after: 82.5 MB.

Unloading 14 unused Assets to reduce memory usage. Loaded Objects now: 1914.
Total: 3.149100 ms (FindLiveObjects: 0.214100 ms CreateObjectMapping: 0.046500 ms MarkObjects: 2.799200 ms  DeleteObjects: 0.088000 ms)

========================================================================
Received Prepare
Registering precompiled user dll's ...
Registered in 0.004012 seconds.
Begin MonoManager ReloadAssembly
Native extension for WindowsStandalone target not found
Native extension for WebGL target not found
Refreshing native plugins compatible for Editor in 0.35 ms, found 2 plugins.
Preloading 0 native plugins for Editor in 0.00 ms.
Mono: successfully reloaded assembly
- Completed reload, in  0.772 seconds
Platform modules already initialized, skipping
Refreshing native plugins compatible for Editor in 0.33 ms, found 2 plugins.
Preloading 0 native plugins for Editor in 0.00 ms.
Unloading 1404 Unused Serialized files (Serialized files now loaded: 0)
System memory in use before: 82.4 MB.
System memory in use after: 82.5 MB.

Unloading 14 unused Assets to reduce memory usage. Loaded Objects now: 1917.
Total: 2.358700 ms (FindLiveObjects: 0.193000 ms CreateObjectMapping: 0.045300 ms MarkObjects: 2.038800 ms  DeleteObjects: 0.080600 ms)

========================================================================
Received Prepare
Registering precompiled user dll's ...
Registered in 0.004046 seconds.
Begin MonoManager ReloadAssembly
Native extension for WindowsStandalone target not found
Native extension for WebGL target not found
Refreshing native plugins compatible for Editor in 0.35 ms, found 2 plugins.
Preloading 0 native plugins for Editor in 0.00 ms.
Mono: successfully reloaded assembly
- Completed reload, in  0.741 seconds
Platform modules already initialized, skipping
Refreshing native plugins compatible for Editor in 0.37 ms, found 2 plugins.
Preloading 0 native plugins for Editor in 0.00 ms.
Unloading 1404 Unused Serialized files (Serialized files now loaded: 0)
System memory in use before: 82.4 MB.
System memory in use after: 82.5 MB.

Unloading 14 unused Assets to reduce memory usage. Loaded Objects now: 1920.
Total: 2.571400 ms (FindLiveObjects: 0.191700 ms CreateObjectMapping: 0.033400 ms MarkObjects: 2.277400 ms  DeleteObjects: 0.068000 ms)

========================================================================
Received Import Request.
  Time since last request: 237.055563 seconds.
  path: Assets/Scripts/HitBox.cs
  artifactKey: Guid(92e750267e008e6488cdba3ea26b9a00) Importer(815301076,1909f56bfc062723c751e8b465ee728b)
Start importing Assets/Scripts/HitBox.cs using Guid(92e750267e008e6488cdba3ea26b9a00) Importer(815301076,1909f56bfc062723c751e8b465ee728b)  -> (artifact id: 'd8ebdb50fa525b3452ed6dd0b89cdcaa') in 0.006426 seconds
  Import took 0.008479 seconds .

========================================================================
Received Prepare
Registering precompiled user dll's ...
Registered in 0.004318 seconds.
Begin MonoManager ReloadAssembly
Native extension for WindowsStandalone target not found
Native extension for WebGL target not found
Refreshing native plugins compatible for Editor in 0.48 ms, found 2 plugins.
Preloading 0 native plugins for Editor in 0.00 ms.
Mono: successfully reloaded assembly
- Completed reload, in  0.797 seconds
Platform modules already initialized, skipping
Refreshing native plugins compatible for Editor in 0.34 ms, found 2 plugins.
Preloading 0 native plugins for Editor in 0.00 ms.
Unloading 1405 Unused Serialized files (Serialized files now loaded: 0)
System memory in use before: 82.4 MB.
System memory in use after: 82.5 MB.

Unloading 14 unused Assets to reduce memory usage. Loaded Objects now: 1924.
Total: 2.758700 ms (FindLiveObjects: 0.450800 ms CreateObjectMapping: 0.094500 ms MarkObjects: 2.150000 ms  DeleteObjects: 0.062300 ms)

========================================================================
Received Prepare
Registering precompiled user dll's ...
Registered in 0.004033 seconds.
Begin MonoManager ReloadAssembly
Native extension for WindowsStandalone target not found
Native extension for WebGL target not found
Refreshing native plugins compatible for Editor in 0.36 ms, found 2 plugins.
Preloading 0 native plugins for Editor in 0.00 ms.
Mono: successfully reloaded assembly
- Completed reload, in  0.732 seconds
Platform modules already initialized, skipping
Refreshing native plugins compatible for Editor in 0.33 ms, found 2 plugins.
Preloading 0 native plugins for Editor in 0.00 ms.
Unloading 1405 Unused Serialized files (Serialized files now loaded: 0)
System memory in use before: 82.4 MB.
System memory in use after: 82.5 MB.

Unloading 14 unused Assets to reduce memory usage. Loaded Objects now: 1927.
Total: 2.133600 ms (FindLiveObjects: 0.187300 ms CreateObjectMapping: 0.036300 ms MarkObjects: 1.847100 ms  DeleteObjects: 0.062000 ms)

========================================================================
Received Prepare
Registering precompiled user dll's ...
Registered in 0.004334 seconds.
Begin MonoManager ReloadAssembly
Native extension for WindowsStandalone target not found
Native extension for WebGL target not found
Refreshing native plugins compatible for Editor in 0.34 ms, found 2 plugins.
Preloading 0 native plugins for Editor in 0.00 ms.
Mono: successfully reloaded assembly
- Completed reload, in  0.754 seconds
Platform modules already initialized, skipping
Refreshing native plugins compatible for Editor in 0.34 ms, found 2 plugins.
Preloading 0 native plugins for Editor in 0.00 ms.
Unloading 1405 Unused Serialized files (Serialized files now loaded: 0)
System memory in use before: 82.4 MB.
System memory in use after: 82.5 MB.

Unloading 14 unused Assets to reduce memory usage. Loaded Objects now: 1930.
Total: 3.568500 ms (FindLiveObjects: 0.523000 ms CreateObjectMapping: 0.195300 ms MarkObjects: 2.782200 ms  DeleteObjects: 0.066100 ms)

========================================================================
Received Prepare
Registering precompiled user dll's ...
Registered in 0.004302 seconds.
Begin MonoManager ReloadAssembly
Native extension for WindowsStandalone target not found
Native extension for WebGL target not found
Refreshing native plugins compatible for Editor in 0.35 ms, found 2 plugins.
Preloading 0 native plugins for Editor in 0.00 ms.
Mono: successfully reloaded assembly
- Completed reload, in  0.758 seconds
Platform modules already initialized, skipping
Refreshing native plugins compatible for Editor in 0.33 ms, found 2 plugins.
Preloading 0 native plugins for Editor in 0.00 ms.
Unloading 1405 Unused Serialized files (Serialized files now loaded: 0)
System memory in use before: 82.4 MB.
System memory in use after: 82.5 MB.

Unloading 14 unused Assets to reduce memory usage. Loaded Objects now: 1933.
Total: 2.265200 ms (FindLiveObjects: 0.207800 ms CreateObjectMapping: 0.038600 ms MarkObjects: 1.952300 ms  DeleteObjects: 0.065400 ms)

========================================================================
Received Prepare
Registering precompiled user dll's ...
Registered in 0.004344 seconds.
Begin MonoManager ReloadAssembly
Native extension for WindowsStandalone target not found
Native extension for WebGL target not found
Refreshing native plugins compatible for Editor in 0.34 ms, found 2 plugins.
Preloading 0 native plugins for Editor in 0.00 ms.
Mono: successfully reloaded assembly
- Completed reload, in  0.756 seconds
Platform modules already initialized, skipping
Refreshing native plugins compatible for Editor in 0.33 ms, found 2 plugins.
Preloading 0 native plugins for Editor in 0.00 ms.
Unloading 1405 Unused Serialized files (Serialized files now loaded: 0)
System memory in use before: 82.5 MB.
System memory in use after: 82.5 MB.

Unloading 14 unused Assets to reduce memory usage. Loaded Objects now: 1936.
Total: 3.071000 ms (FindLiveObjects: 0.293500 ms CreateObjectMapping: 0.056600 ms MarkObjects: 2.654000 ms  DeleteObjects: 0.065700 ms)

========================================================================
Received Prepare
Registering precompiled user dll's ...
Registered in 0.004247 seconds.
Begin MonoManager ReloadAssembly
Native extension for WindowsStandalone target not found
Native extension for WebGL target not found
Refreshing native plugins compatible for Editor in 0.33 ms, found 2 plugins.
Preloading 0 native plugins for Editor in 0.00 ms.
Mono: successfully reloaded assembly
- Completed reload, in  0.760 seconds
Platform modules already initialized, skipping
Refreshing native plugins compatible for Editor in 0.35 ms, found 2 plugins.
Preloading 0 native plugins for Editor in 0.00 ms.
Unloading 1405 Unused Serialized files (Serialized files now loaded: 0)
System memory in use before: 82.5 MB.
System memory in use after: 82.5 MB.

Unloading 14 unused Assets to reduce memory usage. Loaded Objects now: 1939.
Total: 2.295200 ms (FindLiveObjects: 0.179600 ms CreateObjectMapping: 0.034500 ms MarkObjects: 2.019400 ms  DeleteObjects: 0.060800 ms)

========================================================================
Received Prepare
Registering precompiled user dll's ...
Registered in 0.004238 seconds.
Begin MonoManager ReloadAssembly
Native extension for WindowsStandalone target not found
Native extension for WebGL target not found
Refreshing native plugins compatible for Editor in 0.56 ms, found 2 plugins.
Preloading 0 native plugins for Editor in 0.00 ms.
Mono: successfully reloaded assembly
- Completed reload, in  0.800 seconds
Platform modules already initialized, skipping
Refreshing native plugins compatible for Editor in 0.30 ms, found 2 plugins.
Preloading 0 native plugins for Editor in 0.00 ms.
Unloading 1405 Unused Serialized files (Serialized files now loaded: 0)
System memory in use before: 82.5 MB.
System memory in use after: 82.5 MB.

Unloading 14 unused Assets to reduce memory usage. Loaded Objects now: 1942.
Total: 2.577400 ms (FindLiveObjects: 0.208400 ms CreateObjectMapping: 0.061100 ms MarkObjects: 2.224100 ms  DeleteObjects: 0.082400 ms)

========================================================================
Received Prepare
Registering precompiled user dll's ...
Registered in 0.004228 seconds.
Begin MonoManager ReloadAssembly
Native extension for WindowsStandalone target not found
Native extension for WebGL target not found
Refreshing native plugins compatible for Editor in 0.36 ms, found 2 plugins.
Preloading 0 native plugins for Editor in 0.00 ms.
Mono: successfully reloaded assembly
- Completed reload, in  0.751 seconds
Platform modules already initialized, skipping
Refreshing native plugins compatible for Editor in 0.33 ms, found 2 plugins.
Preloading 0 native plugins for Editor in 0.00 ms.
Unloading 1405 Unused Serialized files (Serialized files now loaded: 0)
System memory in use before: 82.5 MB.
System memory in use after: 82.6 MB.

Unloading 14 unused Assets to reduce memory usage. Loaded Objects now: 1945.
Total: 3.145100 ms (FindLiveObjects: 0.500100 ms CreateObjectMapping: 0.091400 ms MarkObjects: 2.481300 ms  DeleteObjects: 0.070900 ms)

========================================================================
Received Prepare
Registering precompiled user dll's ...
Registered in 0.004106 seconds.
Begin MonoManager ReloadAssembly
Native extension for WindowsStandalone target not found
Native extension for WebGL target not found
Refreshing native plugins compatible for Editor in 0.33 ms, found 2 plugins.
Preloading 0 native plugins for Editor in 0.00 ms.
Mono: successfully reloaded assembly
- Completed reload, in  0.737 seconds
Platform modules already initialized, skipping
Refreshing native plugins compatible for Editor in 0.33 ms, found 2 plugins.
Preloading 0 native plugins for Editor in 0.00 ms.
Unloading 1405 Unused Serialized files (Serialized files now loaded: 0)
System memory in use before: 82.5 MB.
System memory in use after: 82.6 MB.

Unloading 14 unused Assets to reduce memory usage. Loaded Objects now: 1948.
Total: 2.410800 ms (FindLiveObjects: 0.218000 ms CreateObjectMapping: 0.040400 ms MarkObjects: 2.087900 ms  DeleteObjects: 0.063700 ms)

========================================================================
Received Prepare
Registering precompiled user dll's ...
Registered in 0.004282 seconds.
Begin MonoManager ReloadAssembly
Native extension for WindowsStandalone target not found
Native extension for WebGL target not found
Refreshing native plugins compatible for Editor in 0.34 ms, found 2 plugins.
Preloading 0 native plugins for Editor in 0.00 ms.
Mono: successfully reloaded assembly
- Completed reload, in  0.772 seconds
Platform modules already initialized, skipping
Refreshing native plugins compatible for Editor in 0.35 ms, found 2 plugins.
Preloading 0 native plugins for Editor in 0.00 ms.
Unloading 1405 Unused Serialized files (Serialized files now loaded: 0)
System memory in use before: 82.5 MB.
System memory in use after: 82.6 MB.

Unloading 14 unused Assets to reduce memory usage. Loaded Objects now: 1951.
Total: 2.323700 ms (FindLiveObjects: 0.197500 ms CreateObjectMapping: 0.036500 ms MarkObjects: 2.026900 ms  DeleteObjects: 0.061300 ms)

========================================================================
Received Prepare
Registering precompiled user dll's ...
Registered in 0.004396 seconds.
Begin MonoManager ReloadAssembly
Native extension for WindowsStandalone target not found
Native extension for WebGL target not found
Refreshing native plugins compatible for Editor in 0.34 ms, found 2 plugins.
Preloading 0 native plugins for Editor in 0.00 ms.
Mono: successfully reloaded assembly
- Completed reload, in  0.753 seconds
Platform modules already initialized, skipping
Refreshing native plugins compatible for Editor in 0.29 ms, found 2 plugins.
Preloading 0 native plugins for Editor in 0.00 ms.
Unloading 1405 Unused Serialized files (Serialized files now loaded: 0)
System memory in use before: 82.5 MB.
System memory in use after: 82.6 MB.

Unloading 14 unused Assets to reduce memory usage. Loaded Objects now: 1954.
Total: 2.470100 ms (FindLiveObjects: 0.200600 ms CreateObjectMapping: 0.037600 ms MarkObjects: 2.157400 ms  DeleteObjects: 0.073300 ms)

========================================================================
Received Prepare
Registering precompiled user dll's ...
Registered in 0.004280 seconds.
Begin MonoManager ReloadAssembly
Native extension for WindowsStandalone target not found
Native extension for WebGL target not found
Refreshing native plugins compatible for Editor in 0.36 ms, found 2 plugins.
Preloading 0 native plugins for Editor in 0.00 ms.
Mono: successfully reloaded assembly
- Completed reload, in  0.781 seconds
Platform modules already initialized, skipping
Refreshing native plugins compatible for Editor in 0.43 ms, found 2 plugins.
Preloading 0 native plugins for Editor in 0.00 ms.
Unloading 1405 Unused Serialized files (Serialized files now loaded: 0)
System memory in use before: 82.5 MB.
System memory in use after: 82.6 MB.

Unloading 14 unused Assets to reduce memory usage. Loaded Objects now: 1957.
Total: 2.397400 ms (FindLiveObjects: 0.287500 ms CreateObjectMapping: 0.072200 ms MarkObjects: 1.969700 ms  DeleteObjects: 0.067100 ms)

========================================================================
Received Prepare
Registering precompiled user dll's ...
Registered in 0.004269 seconds.
Begin MonoManager ReloadAssembly
Native extension for WindowsStandalone target not found
Native extension for WebGL target not found
Refreshing native plugins compatible for Editor in 0.34 ms, found 2 plugins.
Preloading 0 native plugins for Editor in 0.00 ms.
Mono: successfully reloaded assembly
- Completed reload, in  0.784 seconds
Platform modules already initialized, skipping
Refreshing native plugins compatible for Editor in 0.34 ms, found 2 plugins.
Preloading 0 native plugins for Editor in 0.00 ms.
Unloading 1405 Unused Serialized files (Serialized files now loaded: 0)
System memory in use before: 82.5 MB.
System memory in use after: 82.6 MB.

Unloading 14 unused Assets to reduce memory usage. Loaded Objects now: 1960.
Total: 2.573200 ms (FindLiveObjects: 0.185000 ms CreateObjectMapping: 0.053700 ms MarkObjects: 2.271100 ms  DeleteObjects: 0.062200 ms)

========================================================================
Received Prepare
Registering precompiled user dll's ...
Registered in 0.003951 seconds.
Begin MonoManager ReloadAssembly
Native extension for WindowsStandalone target not found
Native extension for WebGL target not found
Refreshing native plugins compatible for Editor in 0.37 ms, found 2 plugins.
Preloading 0 native plugins for Editor in 0.00 ms.
Mono: successfully reloaded assembly
- Completed reload, in  0.766 seconds
Platform modules already initialized, skipping
Refreshing native plugins compatible for Editor in 0.35 ms, found 2 plugins.
Preloading 0 native plugins for Editor in 0.00 ms.
Unloading 1405 Unused Serialized files (Serialized files now loaded: 0)
System memory in use before: 82.5 MB.
System memory in use after: 82.6 MB.

Unloading 14 unused Assets to reduce memory usage. Loaded Objects now: 1963.
Total: 4.952700 ms (FindLiveObjects: 0.586000 ms CreateObjectMapping: 0.056500 ms MarkObjects: 4.217300 ms  DeleteObjects: 0.091300 ms)

========================================================================
Received Prepare
Registering precompiled user dll's ...
Registered in 0.004151 seconds.
Begin MonoManager ReloadAssembly
Native extension for WindowsStandalone target not found
Native extension for WebGL target not found
Refreshing native plugins compatible for Editor in 0.33 ms, found 2 plugins.
Preloading 0 native plugins for Editor in 0.00 ms.
Mono: successfully reloaded assembly
- Completed reload, in  0.778 seconds
Platform modules already initialized, skipping
Refreshing native plugins compatible for Editor in 0.35 ms, found 2 plugins.
Preloading 0 native plugins for Editor in 0.00 ms.
Unloading 1405 Unused Serialized files (Serialized files now loaded: 0)
System memory in use before: 82.5 MB.
System memory in use after: 82.6 MB.

Unloading 14 unused Assets to reduce memory usage. Loaded Objects now: 1966.
Total: 2.395400 ms (FindLiveObjects: 0.202800 ms CreateObjectMapping: 0.039200 ms MarkObjects: 2.085800 ms  DeleteObjects: 0.065900 ms)

========================================================================
Received Prepare
Registering precompiled user dll's ...
Registered in 0.004343 seconds.
Begin MonoManager ReloadAssembly
Native extension for WindowsStandalone target not found
Native extension for WebGL target not found
Refreshing native plugins compatible for Editor in 0.34 ms, found 2 plugins.
Preloading 0 native plugins for Editor in 0.00 ms.
Mono: successfully reloaded assembly
- Completed reload, in  0.774 seconds
Platform modules already initialized, skipping
Refreshing native plugins compatible for Editor in 0.51 ms, found 2 plugins.
Preloading 0 native plugins for Editor in 0.00 ms.
Unloading 1405 Unused Serialized files (Serialized files now loaded: 0)
System memory in use before: 82.5 MB.
System memory in use after: 82.6 MB.

Unloading 14 unused Assets to reduce memory usage. Loaded Objects now: 1969.
Total: 2.520000 ms (FindLiveObjects: 0.208100 ms CreateObjectMapping: 0.039900 ms MarkObjects: 2.205100 ms  DeleteObjects: 0.066000 ms)

========================================================================
Received Prepare
Registering precompiled user dll's ...
Registered in 0.004552 seconds.
Begin MonoManager ReloadAssembly
Native extension for WindowsStandalone target not found
Native extension for WebGL target not found
Refreshing native plugins compatible for Editor in 0.37 ms, found 2 plugins.
Preloading 0 native plugins for Editor in 0.00 ms.
Mono: successfully reloaded assembly
- Completed reload, in  0.771 seconds
Platform modules already initialized, skipping
Refreshing native plugins compatible for Editor in 0.36 ms, found 2 plugins.
Preloading 0 native plugins for Editor in 0.00 ms.
Unloading 1405 Unused Serialized files (Serialized files now loaded: 0)
System memory in use before: 82.5 MB.
System memory in use after: 82.6 MB.

Unloading 14 unused Assets to reduce memory usage. Loaded Objects now: 1972.
Total: 2.141100 ms (FindLiveObjects: 0.188500 ms CreateObjectMapping: 0.039300 ms MarkObjects: 1.856400 ms  DeleteObjects: 0.056000 ms)

========================================================================
Received Prepare
Registering precompiled user dll's ...
Registered in 0.004048 seconds.
Begin MonoManager ReloadAssembly
Native extension for WindowsStandalone target not found
Native extension for WebGL target not found
Refreshing native plugins compatible for Editor in 0.33 ms, found 2 plugins.
Preloading 0 native plugins for Editor in 0.00 ms.
Mono: successfully reloaded assembly
- Completed reload, in  0.739 seconds
Platform modules already initialized, skipping
Refreshing native plugins compatible for Editor in 0.33 ms, found 2 plugins.
Preloading 0 native plugins for Editor in 0.00 ms.
Unloading 1405 Unused Serialized files (Serialized files now loaded: 0)
System memory in use before: 82.5 MB.
System memory in use after: 82.6 MB.

Unloading 14 unused Assets to reduce memory usage. Loaded Objects now: 1975.
Total: 2.193700 ms (FindLiveObjects: 0.196700 ms CreateObjectMapping: 0.042500 ms MarkObjects: 1.890600 ms  DeleteObjects: 0.063100 ms)

========================================================================
Received Prepare
Registering precompiled user dll's ...
Registered in 0.004359 seconds.
Begin MonoManager ReloadAssembly
Native extension for WindowsStandalone target not found
Native extension for WebGL target not found
Refreshing native plugins compatible for Editor in 0.34 ms, found 2 plugins.
Preloading 0 native plugins for Editor in 0.00 ms.
Mono: successfully reloaded assembly
- Completed reload, in  0.726 seconds
Platform modules already initialized, skipping
Refreshing native plugins compatible for Editor in 0.34 ms, found 2 plugins.
Preloading 0 native plugins for Editor in 0.00 ms.
Unloading 1405 Unused Serialized files (Serialized files now loaded: 0)
System memory in use before: 82.6 MB.
System memory in use after: 82.6 MB.

Unloading 14 unused Assets to reduce memory usage. Loaded Objects now: 1978.
Total: 3.122400 ms (FindLiveObjects: 0.232000 ms CreateObjectMapping: 0.040500 ms MarkObjects: 2.782100 ms  DeleteObjects: 0.066300 ms)

AssetImportWorkerClient::OnTransportError - code=2 error=End of file
